<?xml version="1.0" encoding="UTF-8"?>
<testsuite name="com.iloveyou.restservice.GreetingControllerTests" tests="2" skipped="0" failures="0" errors="0" timestamp="2023-09-04T19:28:39" hostname="yggdrasil" time="1.258">
  <properties/>
  <testcase name="noParamGreetingShouldReturnDefaultMessage()" classname="com.iloveyou.restservice.GreetingControllerTests" time="1.239"/>
  <testcase name="paramGreetingShouldReturnTailoredMessage()" classname="com.iloveyou.restservice.GreetingControllerTests" time="0.018"/>
  <system-out><![CDATA[12:28:37.472 [Test worker] INFO org.springframework.test.context.support.AnnotationConfigContextLoaderUtils -- Could not detect default configuration classes for test class [com.iloveyou.restservice.GreetingControllerTests]: GreetingControllerTests does not declare any static, non-private, non-final, nested classes annotated with @Configuration.
12:28:37.546 [Test worker] INFO org.springframework.boot.test.context.SpringBootTestContextBootstrapper -- Found @SpringBootConfiguration com.iloveyou.restservice.RestServiceApplication for test class com.iloveyou.restservice.GreetingControllerTests

  .   ____          _            __ _ _
 /\\ / ___'_ __ _ _(_)_ __  __ _ \ \ \ \
( ( )\___ | '_ | '_| | '_ \/ _` | \ \ \ \
 \\/  ___)| |_)| | | | | || (_| |  ) ) ) )
  '  |____| .__|_| |_|_| |_\__, | / / / /
 =========|_|==============|___/=/_/_/_/
 :: Spring Boot ::                (v3.1.0)

2023-09-04T12:28:37.945-07:00  INFO 34884 --- [    Test worker] c.i.restservice.GreetingControllerTests  : Starting GreetingControllerTests using Java 17.0.8.1 with PID 34884 (started by anon in /home/anon/data/iloveyou/Farmfolio/spring)
2023-09-04T12:28:37.949-07:00  INFO 34884 --- [    Test worker] c.i.restservice.GreetingControllerTests  : No active profile set, falling back to 1 default profile: "default"
2023-09-04T12:28:39.280-07:00  INFO 34884 --- [    Test worker] o.s.b.t.m.w.SpringBootMockServletContext : Initializing Spring TestDispatcherServlet ''
2023-09-04T12:28:39.281-07:00  INFO 34884 --- [    Test worker] o.s.t.web.servlet.TestDispatcherServlet  : Initializing Servlet ''
2023-09-04T12:28:39.285-07:00  INFO 34884 --- [    Test worker] o.s.t.web.servlet.TestDispatcherServlet  : Completed initialization in 2 ms
2023-09-04T12:28:39.327-07:00  INFO 34884 --- [    Test worker] c.i.restservice.GreetingControllerTests  : Started GreetingControllerTests in 1.682 seconds (process running for 2.533)

MockHttpServletRequest:
      HTTP Method = GET
      Request URI = /greeting
       Parameters = {}
          Headers = []
             Body = null
    Session Attrs = {}

Handler:
             Type = com.iloveyou.restservice.GreetingController
           Method = com.iloveyou.restservice.GreetingController#greeting(String)

Async:
    Async started = false
     Async result = null

Resolved Exception:
             Type = null

ModelAndView:
        View name = null
             View = null
            Model = null

FlashMap:
       Attributes = null

MockHttpServletResponse:
           Status = 200
    Error message = null
          Headers = [Content-Type:"application/json"]
     Content type = application/json
             Body = {"id":1,"content":"Hello, World!"}
    Forwarded URL = null
   Redirected URL = null
          Cookies = []

MockHttpServletRequest:
      HTTP Method = GET
      Request URI = /greeting
       Parameters = {name=[Spring Community]}
          Headers = []
             Body = null
    Session Attrs = {}

Handler:
             Type = com.iloveyou.restservice.GreetingController
           Method = com.iloveyou.restservice.GreetingController#greeting(String)

Async:
    Async started = false
     Async result = null

Resolved Exception:
             Type = null

ModelAndView:
        View name = null
             View = null
            Model = null

FlashMap:
       Attributes = null

MockHttpServletResponse:
           Status = 200
    Error message = null
          Headers = [Content-Type:"application/json"]
     Content type = application/json
             Body = {"id":2,"content":"Hello, Spring Community!"}
    Forwarded URL = null
   Redirected URL = null
          Cookies = []
]]></system-out>
  <system-err><![CDATA[]]></system-err>
</testsuite>
